  YeohYongSen-TanYanCong (RSF2-G3).cpp
C:\Users\Hp\Documents\DegreeY2S1\BACS2173 Graphics Programming\YeohYongSen-TanYanCong (RSF2-G3)\YeohYongSen-TanYanCong (RSF2-G3) - JaegerSources\Assignment\YeohYongSen-TanYanCong (RSF2-G3).cpp(10936,130): error C2664: 'HANDLE LoadImageW(HINSTANCE,LPCWSTR,UINT,int,int,UINT)': cannot convert argument 2 from 'const char [11]' to 'LPCWSTR'
C:\Users\Hp\Documents\DegreeY2S1\BACS2173 Graphics Programming\YeohYongSen-TanYanCong (RSF2-G3)\YeohYongSen-TanYanCong (RSF2-G3) - JaegerSources\Assignment\YeohYongSen-TanYanCong (RSF2-G3).cpp(10936,59): message : Types pointed to are unrelated; conversion requires reinterpret_cast, C-style cast or function-style cast
C:\Program Files (x86)\Windows Kits\10\Include\10.0.19041.0\um\winuser.h(10824,1): message : see declaration of 'LoadImageW'
C:\Users\Hp\Documents\DegreeY2S1\BACS2173 Graphics Programming\YeohYongSen-TanYanCong (RSF2-G3)\YeohYongSen-TanYanCong (RSF2-G3) - JaegerSources\Assignment\YeohYongSen-TanYanCong (RSF2-G3).cpp(10977,134): error C2664: 'HANDLE LoadImageW(HINSTANCE,LPCWSTR,UINT,int,int,UINT)': cannot convert argument 2 from 'const char [15]' to 'LPCWSTR'
C:\Users\Hp\Documents\DegreeY2S1\BACS2173 Graphics Programming\YeohYongSen-TanYanCong (RSF2-G3)\YeohYongSen-TanYanCong (RSF2-G3) - JaegerSources\Assignment\YeohYongSen-TanYanCong (RSF2-G3).cpp(10977,59): message : Types pointed to are unrelated; conversion requires reinterpret_cast, C-style cast or function-style cast
C:\Program Files (x86)\Windows Kits\10\Include\10.0.19041.0\um\winuser.h(10824,1): message : see declaration of 'LoadImageW'
C:\Users\Hp\Documents\DegreeY2S1\BACS2173 Graphics Programming\YeohYongSen-TanYanCong (RSF2-G3)\YeohYongSen-TanYanCong (RSF2-G3) - JaegerSources\Assignment\YeohYongSen-TanYanCong (RSF2-G3).cpp(11043,134): error C2664: 'HANDLE LoadImageW(HINSTANCE,LPCWSTR,UINT,int,int,UINT)': cannot convert argument 2 from 'const char [15]' to 'LPCWSTR'
C:\Users\Hp\Documents\DegreeY2S1\BACS2173 Graphics Programming\YeohYongSen-TanYanCong (RSF2-G3)\YeohYongSen-TanYanCong (RSF2-G3) - JaegerSources\Assignment\YeohYongSen-TanYanCong (RSF2-G3).cpp(11043,59): message : Types pointed to are unrelated; conversion requires reinterpret_cast, C-style cast or function-style cast
C:\Program Files (x86)\Windows Kits\10\Include\10.0.19041.0\um\winuser.h(10824,1): message : see declaration of 'LoadImageW'
C:\Users\Hp\Documents\DegreeY2S1\BACS2173 Graphics Programming\YeohYongSen-TanYanCong (RSF2-G3)\YeohYongSen-TanYanCong (RSF2-G3) - JaegerSources\Assignment\YeohYongSen-TanYanCong (RSF2-G3).cpp(11090,133): error C2664: 'HANDLE LoadImageW(HINSTANCE,LPCWSTR,UINT,int,int,UINT)': cannot convert argument 2 from 'const char [14]' to 'LPCWSTR'
C:\Users\Hp\Documents\DegreeY2S1\BACS2173 Graphics Programming\YeohYongSen-TanYanCong (RSF2-G3)\YeohYongSen-TanYanCong (RSF2-G3) - JaegerSources\Assignment\YeohYongSen-TanYanCong (RSF2-G3).cpp(11090,59): message : Types pointed to are unrelated; conversion requires reinterpret_cast, C-style cast or function-style cast
C:\Program Files (x86)\Windows Kits\10\Include\10.0.19041.0\um\winuser.h(10824,1): message : see declaration of 'LoadImageW'
C:\Users\Hp\Documents\DegreeY2S1\BACS2173 Graphics Programming\YeohYongSen-TanYanCong (RSF2-G3)\YeohYongSen-TanYanCong (RSF2-G3) - JaegerSources\Assignment\YeohYongSen-TanYanCong (RSF2-G3).cpp(11180,132): error C2664: 'HANDLE LoadImageW(HINSTANCE,LPCWSTR,UINT,int,int,UINT)': cannot convert argument 2 from 'const char [13]' to 'LPCWSTR'
C:\Users\Hp\Documents\DegreeY2S1\BACS2173 Graphics Programming\YeohYongSen-TanYanCong (RSF2-G3)\YeohYongSen-TanYanCong (RSF2-G3) - JaegerSources\Assignment\YeohYongSen-TanYanCong (RSF2-G3).cpp(11180,59): message : Types pointed to are unrelated; conversion requires reinterpret_cast, C-style cast or function-style cast
C:\Program Files (x86)\Windows Kits\10\Include\10.0.19041.0\um\winuser.h(10824,1): message : see declaration of 'LoadImageW'
C:\Users\Hp\Documents\DegreeY2S1\BACS2173 Graphics Programming\YeohYongSen-TanYanCong (RSF2-G3)\YeohYongSen-TanYanCong (RSF2-G3) - JaegerSources\Assignment\YeohYongSen-TanYanCong (RSF2-G3).cpp(11297,133): error C2664: 'HANDLE LoadImageW(HINSTANCE,LPCWSTR,UINT,int,int,UINT)': cannot convert argument 2 from 'const char [14]' to 'LPCWSTR'
C:\Users\Hp\Documents\DegreeY2S1\BACS2173 Graphics Programming\YeohYongSen-TanYanCong (RSF2-G3)\YeohYongSen-TanYanCong (RSF2-G3) - JaegerSources\Assignment\YeohYongSen-TanYanCong (RSF2-G3).cpp(11297,59): message : Types pointed to are unrelated; conversion requires reinterpret_cast, C-style cast or function-style cast
C:\Program Files (x86)\Windows Kits\10\Include\10.0.19041.0\um\winuser.h(10824,1): message : see declaration of 'LoadImageW'
C:\Users\Hp\Documents\DegreeY2S1\BACS2173 Graphics Programming\YeohYongSen-TanYanCong (RSF2-G3)\YeohYongSen-TanYanCong (RSF2-G3) - JaegerSources\Assignment\YeohYongSen-TanYanCong (RSF2-G3).cpp(11358,133): error C2664: 'HANDLE LoadImageW(HINSTANCE,LPCWSTR,UINT,int,int,UINT)': cannot convert argument 2 from 'const char [14]' to 'LPCWSTR'
C:\Users\Hp\Documents\DegreeY2S1\BACS2173 Graphics Programming\YeohYongSen-TanYanCong (RSF2-G3)\YeohYongSen-TanYanCong (RSF2-G3) - JaegerSources\Assignment\YeohYongSen-TanYanCong (RSF2-G3).cpp(11358,59): message : Types pointed to are unrelated; conversion requires reinterpret_cast, C-style cast or function-style cast
C:\Program Files (x86)\Windows Kits\10\Include\10.0.19041.0\um\winuser.h(10824,1): message : see declaration of 'LoadImageW'
C:\Users\Hp\Documents\DegreeY2S1\BACS2173 Graphics Programming\YeohYongSen-TanYanCong (RSF2-G3)\YeohYongSen-TanYanCong (RSF2-G3) - JaegerSources\Assignment\YeohYongSen-TanYanCong (RSF2-G3).cpp(11865,130): error C2664: 'HANDLE LoadImageW(HINSTANCE,LPCWSTR,UINT,int,int,UINT)': cannot convert argument 2 from 'const char [11]' to 'LPCWSTR'
C:\Users\Hp\Documents\DegreeY2S1\BACS2173 Graphics Programming\YeohYongSen-TanYanCong (RSF2-G3)\YeohYongSen-TanYanCong (RSF2-G3) - JaegerSources\Assignment\YeohYongSen-TanYanCong (RSF2-G3).cpp(11865,59): message : Types pointed to are unrelated; conversion requires reinterpret_cast, C-style cast or function-style cast
C:\Program Files (x86)\Windows Kits\10\Include\10.0.19041.0\um\winuser.h(10824,1): message : see declaration of 'LoadImageW'
C:\Users\Hp\Documents\DegreeY2S1\BACS2173 Graphics Programming\YeohYongSen-TanYanCong (RSF2-G3)\YeohYongSen-TanYanCong (RSF2-G3) - JaegerSources\Assignment\YeohYongSen-TanYanCong (RSF2-G3).cpp(11922,128): error C2664: 'HANDLE LoadImageW(HINSTANCE,LPCWSTR,UINT,int,int,UINT)': cannot convert argument 2 from 'const char [9]' to 'LPCWSTR'
C:\Users\Hp\Documents\DegreeY2S1\BACS2173 Graphics Programming\YeohYongSen-TanYanCong (RSF2-G3)\YeohYongSen-TanYanCong (RSF2-G3) - JaegerSources\Assignment\YeohYongSen-TanYanCong (RSF2-G3).cpp(11922,59): message : Types pointed to are unrelated; conversion requires reinterpret_cast, C-style cast or function-style cast
C:\Program Files (x86)\Windows Kits\10\Include\10.0.19041.0\um\winuser.h(10824,1): message : see declaration of 'LoadImageW'
C:\Users\Hp\Documents\DegreeY2S1\BACS2173 Graphics Programming\YeohYongSen-TanYanCong (RSF2-G3)\YeohYongSen-TanYanCong (RSF2-G3) - JaegerSources\Assignment\YeohYongSen-TanYanCong (RSF2-G3).cpp(13291,33): error C2440: '=': cannot convert from 'const char [14]' to 'LPCWSTR'
C:\Users\Hp\Documents\DegreeY2S1\BACS2173 Graphics Programming\YeohYongSen-TanYanCong (RSF2-G3)\YeohYongSen-TanYanCong (RSF2-G3) - JaegerSources\Assignment\YeohYongSen-TanYanCong (RSF2-G3).cpp(13291,21): message : Types pointed to are unrelated; conversion requires reinterpret_cast, C-style cast or function-style cast
C:\Users\Hp\Documents\DegreeY2S1\BACS2173 Graphics Programming\YeohYongSen-TanYanCong (RSF2-G3)\YeohYongSen-TanYanCong (RSF2-G3) - JaegerSources\Assignment\YeohYongSen-TanYanCong (RSF2-G3).cpp(13296,1): error C2664: 'HWND CreateWindowExW(DWORD,LPCWSTR,LPCWSTR,DWORD,int,int,int,int,HWND,HMENU,HINSTANCE,LPVOID)': cannot convert argument 2 from 'const char [14]' to 'LPCWSTR'
C:\Users\Hp\Documents\DegreeY2S1\BACS2173 Graphics Programming\YeohYongSen-TanYanCong (RSF2-G3)\YeohYongSen-TanYanCong (RSF2-G3) - JaegerSources\Assignment\YeohYongSen-TanYanCong (RSF2-G3).cpp(13296,1): message : Types pointed to are unrelated; conversion requires reinterpret_cast, C-style cast or function-style cast
C:\Program Files (x86)\Windows Kits\10\Include\10.0.19041.0\um\winuser.h(4432,1): message : see declaration of 'CreateWindowExW'
C:\Users\Hp\Documents\DegreeY2S1\BACS2173 Graphics Programming\YeohYongSen-TanYanCong (RSF2-G3)\YeohYongSen-TanYanCong (RSF2-G3) - JaegerSources\Assignment\YeohYongSen-TanYanCong (RSF2-G3).cpp(13339,44): error C2664: 'BOOL UnregisterClassW(LPCWSTR,HINSTANCE)': cannot convert argument 1 from 'const char [14]' to 'LPCWSTR'
C:\Users\Hp\Documents\DegreeY2S1\BACS2173 Graphics Programming\YeohYongSen-TanYanCong (RSF2-G3)\YeohYongSen-TanYanCong (RSF2-G3) - JaegerSources\Assignment\YeohYongSen-TanYanCong (RSF2-G3).cpp(13339,18): message : Types pointed to are unrelated; conversion requires reinterpret_cast, C-style cast or function-style cast
C:\Program Files (x86)\Windows Kits\10\Include\10.0.19041.0\um\winuser.h(4306,1): message : see declaration of 'UnregisterClassW'
